2025-07-06 00:56:30 - Email enviado para: brunocosta@tlantic.com - Assunto: 游뚿 URGENTE: Voucher NOS Expirado - A칞칚o Necess치ria
2025-07-06 00:56:30 - Email enviado para: 22222 - Assunto: Alerta: Voucher NOS Expirado - Bruno
2025-07-06 00:56:30 - Email enviado para: 1231245@isep.ipp.pt - Assunto: Alerta: Voucher NOS Expirado - Bruno
2025-07-06 01:00:10 - Email enviado para: 1231245@isep.ipp. - Assunto: 游뚿 URGENTE: Voucher NOS Expirado - A칞칚o Necess치ria
2025-07-06 01:00:10 - Email enviado para: 22222 - Assunto: Alerta: Voucher NOS Expirado - Miguel
2025-07-06 01:00:10 - Email enviado para: 1231245@isep.ipp.pt - Assunto: Alerta: Voucher NOS Expirado - Miguel
2025-07-06 01:53:21 - Email enviado para: brunocosta@tlantic.com - Assunto: 游뚿 URGENTE: Voucher NOS Expirado - A칞칚o Necess치ria
2025-07-06 01:53:21 - Email enviado para: 22222 - Assunto: Alerta: Voucher NOS Expirado - Bruno
2025-07-06 01:53:21 - Email enviado para: 1231245@isep.ipp.pt - Assunto: Alerta: Voucher NOS Expirado - Bruno
2025-07-06 01:53:21 - Email enviado para: brunocosta@tlantic.com - Assunto: 游늶 Atualiza칞칚o Fiscal Necess치ria - Cart칚o de Cidad칚o
2025-07-06 01:53:21 - Email enviado para: 22222 - Assunto: Alerta Fiscal: Cart칚o de Cidad칚o - Bruno
2025-07-06 01:53:21 - Email enviado para: 1231245@isep.ipp.pt - Assunto: Alerta Fiscal: Cart칚o de Cidad칚o - Bruno
2025-07-07 15:12:38 - Email enviado para: brunocosta@tlantic.com - Assunto: 游뚿 URGENTE: Voucher NOS Expirado - A칞칚o Necess치ria
2025-07-07 15:12:39 - Email enviado para: 22222 - Assunto: Alerta: Voucher NOS Expirado - Bruno
2025-07-07 15:12:39 - Email enviado para: 1231245@isep.ipp.pt - Assunto: Alerta: Voucher NOS Expirado - Bruno
2025-07-08 14:31:34 - Email enviado para: patrickcosta1605@gmail.com - Assunto: 游늶 Atualiza칞칚o Fiscal Necess치ria - Cart칚o de Cidad칚o
2025-07-08 14:31:37 - Email enviado para: pdmcps5@gmail.com - Assunto: Alerta Fiscal: Cart칚o de Cidad칚o - Patrick
2025-07-08 14:31:37 - Email enviado para: 1231245@isep.ipp.pt - Assunto: Alerta Fiscal: Cart칚o de Cidad칚o - Patrick
2025-07-08 14:31:39 - Email enviado para: patrickcosta1605@gmail.com - Assunto: 游늶 Atualiza칞칚o Fiscal Necess치ria - IBAN
2025-07-08 14:31:42 - Email enviado para: pdmcps5@gmail.com - Assunto: Alerta Fiscal: IBAN - Patrick
2025-07-08 14:31:42 - Email enviado para: 1231245@isep.ipp.pt - Assunto: Alerta Fiscal: IBAN - Patrick
2025-07-08 14:31:44 - Email enviado para: patrickcosta1605@gmail.com - Assunto: 游늶 Atualiza칞칚o Fiscal Necess치ria - Morada Fiscal
2025-07-08 14:31:48 - Email enviado para: pdmcps5@gmail.com - Assunto: Alerta Fiscal: Morada Fiscal - Patrick
2025-07-08 14:31:48 - Email enviado para: 1231245@isep.ipp.pt - Assunto: Alerta Fiscal: Morada Fiscal - Patrick
2025-07-08 14:31:50 - Email enviado para: patrickcosta1605@gmail.com - Assunto: 游늶 Atualiza칞칚o Fiscal Necess치ria - Estado Civil
2025-07-08 14:31:53 - Email enviado para: pdmcps5@gmail.com - Assunto: Alerta Fiscal: Estado Civil - Patrick
2025-07-08 14:31:53 - Email enviado para: 1231245@isep.ipp.pt - Assunto: Alerta Fiscal: Estado Civil - Patrick
2025-07-08 14:31:55 - Email enviado para: patrickcosta1605@gmail.com - Assunto: 游늶 Atualiza칞칚o Fiscal Necess치ria - Situa칞칚o IRS
2025-07-08 14:31:59 - Email enviado para: pdmcps5@gmail.com - Assunto: Alerta Fiscal: Situa칞칚o IRS - Patrick
2025-07-08 14:31:59 - Email enviado para: 1231245@isep.ipp.pt - Assunto: Alerta Fiscal: Situa칞칚o IRS - Patrick
2025-07-08 14:32:00 - Email enviado para: patrickcosta1605@gmail.com - Assunto: 游늶 Atualiza칞칚o Fiscal Necess치ria - N칰mero de Dependentes
2025-07-08 14:32:04 - Email enviado para: pdmcps5@gmail.com - Assunto: Alerta Fiscal: N칰mero de Dependentes - Patrick
2025-07-08 14:32:04 - Email enviado para: 1231245@isep.ipp.pt - Assunto: Alerta Fiscal: N칰mero de Dependentes - Patrick
2025-07-08 14:32:06 - Email enviado para: patrickcosta1605@gmail.com - Assunto: 游늶 Atualiza칞칚o Fiscal Necess치ria - IRS Jovem
2025-07-08 14:32:09 - Email enviado para: pdmcps5@gmail.com - Assunto: Alerta Fiscal: IRS Jovem - Patrick
2025-07-08 14:32:09 - Email enviado para: 1231245@isep.ipp.pt - Assunto: Alerta Fiscal: IRS Jovem - Patrick
2025-07-08 14:32:11 - Email enviado para: patrickcosta1605@gmail.com - Assunto: 游늶 Atualiza칞칚o Fiscal Necess치ria - Primeiro Ano de Descontos
2025-07-08 14:32:15 - Email enviado para: pdmcps5@gmail.com - Assunto: Alerta Fiscal: Primeiro Ano de Descontos - Patrick
2025-07-08 14:32:15 - Email enviado para: 1231245@isep.ipp.pt - Assunto: Alerta Fiscal: Primeiro Ano de Descontos - Patrick
2025-07-08 14:32:16 - Email enviado para: patrickcosta1605@gmail.com - Assunto: 游늶 Atualiza칞칚o Fiscal Necess치ria - NIF
2025-07-08 14:32:19 - Email enviado para: pdmcps5@gmail.com - Assunto: Alerta Fiscal: NIF - Patrick
2025-07-08 14:32:19 - Email enviado para: 1231245@isep.ipp.pt - Assunto: Alerta Fiscal: NIF - Patrick
